149\\\Rajiv\\\28.5989514,77.0516513\\\-\\\-\\\order_received\\\-
150\\\Pooja\\\28.5963233,77.0452676\\\-\\\-\\\order_received\\\-
151\\\Simran\\\28.5947972,77.0362554\\\-\\\-\\\order_received\\\-
151\\\Simran\\\28.5947972,77.0362554\\\Saurav\\\-\\\delivery_boy_assigned\\\-
151\\\Simran\\\28.5947972,77.0362554\\\Saurav\\\-\\\order_picked\\\-
150\\\Pooja\\\28.5963233,77.0452676\\\Sonu\\\-\\\delivery_boy_assigned\\\-
149\\\Rajiv\\\28.5989514,77.0516513\\\Prateek\\\-\\\delivery_boy_assigned\\\-
150\\\Pooja\\\28.5963233,77.0452676\\\Sonu\\\-\\\order_picked\\\-
149\\\Rajiv\\\28.5989514,77.0516513\\\Prateek\\\-\\\order_picked\\\-
149\\\Rajiv\\\28.5989514,77.0516513\\\Prateek\\\200.0\\\order_delivered\\\1
150\\\Pooja\\\28.5963233,77.0452676\\\Sonu\\\124.0\\\order_delivered\\\3
151\\\Simran\\\28.5947972,77.0362554\\\Saurav\\\343.0\\\order_delivered\\\4
152\\\Rajiv\\\28.5989514,77.0516513\\\-\\\-\\\order_received\\\-
153\\\Rajiv\\\28.5989514,77.0516513\\\-\\\-\\\order_received\\\-
152\\\Rajiv\\\28.5989514,77.0516513\\\Saurav\\\-\\\delivery_boy_assigned\\\-
152\\\Rajiv\\\28.5989514,77.0516513\\\Saurav\\\-\\\order_picked\\\-
153\\\Rajiv\\\28.5989514,77.0516513\\\Sonu\\\-\\\delivery_boy_assigned\\\-
153\\\Rajiv\\\28.5989514,77.0516513\\\Sonu\\\-\\\order_picked\\\-
154\\\Pooja\\\28.5963233,77.0452676\\\-\\\-\\\order_received\\\-
154\\\Pooja\\\28.5963233,77.0452676\\\Prateek\\\-\\\delivery_boy_assigned\\\-
155\\\Simran\\\28.5947972,77.0362554\\\-\\\-\\\order_received\\\-
154\\\Pooja\\\28.5963233,77.0452676\\\Prateek\\\-\\\order_picked\\\-
154\\\Pooja\\\28.5963233,77.0452676\\\Prateek\\\124\\\order_delivered\\\3
155\\\Simran\\\28.5947972,77.0362554\\\Prateek\\\-\\\delivery_boy_assigned\\\-
155\\\Simran\\\28.5947972,77.0362554\\\Prateek\\\-\\\order_picked\\\-
152\\\Rajiv\\\28.5989514,77.0516513\\\Saurav\\\200.0\\\order_delivered\\\1
153\\\Rajiv\\\28.5989514,77.0516513\\\Sonu\\\200.0\\\order_delivered\\\1
155\\\Simran\\\28.5947972,77.0362554\\\Prateek\\\343.0\\\order_delivered\\\4
156\\\Rajiv\\\28.5989514,77.0516513\\\-\\\-\\\order_received\\\-
157\\\Pooja\\\28.5963233,77.0452676\\\-\\\-\\\order_received\\\-
158\\\Simran\\\28.5947972,77.0362554\\\-\\\-\\\order_received\\\-
156\\\Rajiv\\\28.5989514,77.0516513\\\Saurav\\\-\\\delivery_boy_assigned\\\-
156\\\Rajiv\\\28.5989514,77.0516513\\\Saurav\\\-\\\order_picked\\\-
157\\\Pooja\\\28.5963233,77.0452676\\\Sonu\\\-\\\delivery_boy_assigned\\\-
157\\\Pooja\\\28.5963233,77.0452676\\\Sonu\\\-\\\order_picked\\\-
158\\\Simran\\\28.5947972,77.0362554\\\Prateek\\\-\\\delivery_boy_assigned\\\-
158\\\Simran\\\28.5947972,77.0362554\\\Prateek\\\-\\\order_picked\\\-
156\\\Rajiv\\\28.5989514,77.0516513\\\Saurav\\\200.0\\\order_delivered\\\1
159\\\Dhruv\\\28.6156326,77.0297967\\\-\\\-\\\order_received\\\-
159\\\Dhruv\\\28.6156326,77.0297967\\\Saurav\\\-\\\delivery_boy_assigned\\\-
159\\\Dhruv\\\28.6156326,77.0297967\\\Saurav\\\-\\\order_picked\\\-
157\\\Pooja\\\28.5963233,77.0452676\\\Sonu\\\124\\\order_delivered\\\3
158\\\Simran\\\28.5947972,77.0362554\\\Prateek\\\343\\\order_delivered\\\4
159\\\Dhruv\\\28.6156326,77.0297967\\\Saurav\\\552\\\order_delivered\\\3
160\\\Rajiv\\\28.5989514,77.0516513\\\-\\\-\\\order_received\\\-
161\\\Pooja\\\28.5963233,77.0452676\\\-\\\-\\\order_received\\\-
162\\\Koko\\\28.5975384,77.0644401\\\-\\\-\\\order_received\\\-
160\\\Rajiv\\\28.5989514,77.0516513\\\Saurav\\\-\\\delivery_boy_assigned\\\-
160\\\Rajiv\\\28.5989514,77.0516513\\\Saurav\\\-\\\order_picked\\\-
162\\\Koko\\\28.5975384,77.0644401\\\Sonu\\\-\\\delivery_boy_assigned\\\-
162\\\Koko\\\28.5975384,77.0644401\\\Sonu\\\-\\\order_picked\\\-
161\\\Pooja\\\28.5963233,77.0452676\\\Prateek\\\-\\\delivery_boy_assigned\\\-
161\\\Pooja\\\28.5963233,77.0452676\\\Prateek\\\-\\\order_picked\\\-
160\\\Rajiv\\\28.5989514,77.0516513\\\Saurav\\\200.0\\\order_delivered\\\1
162\\\Koko\\\28.5975384,77.0644401\\\Sonu\\\232.0\\\order_delivered\\\3
161\\\Pooja\\\28.5963233,77.0452676\\\Prateek\\\124.0\\\order_delivered\\\3
